<?xml version="1.0"?>
<!DOCTYPE coverage SYSTEM "http://cobertura.sourceforge.net/xml/coverage-04.dtd">

<coverage line-rate="0.79" branch-rate="0.43548387096774194" lines-covered="158" lines-valid="200" branches-covered="54" branches-valid="124" complexity="2.3194444444444446" version="2.1.1" timestamp="1453694019149">
	<sources>
		<source>/Users/kian/Google Drive/Students/src/main/java</source>
		<source>/Users/kian/Google Drive/Students/target/generated-sources/annotations</source>
		<source>--source</source>
	</sources>
	<packages>
		<package name="com.intuit.common.exception" line-rate="0.90625" branch-rate="1.0" complexity="1.8571428571428572">
			<classes>
				<class name="com.intuit.common.exception.ErrorCode" filename="com/intuit/common/exception/ErrorCode.java" line-rate="1.0" branch-rate="1.0" complexity="1.0">
					<methods>
						<method name="&lt;clinit&gt;" signature="()V" line-rate="1.0" branch-rate="1.0" complexity="0">
							<lines>
								<line number="6" hits="2" branch="false"/>
								<line number="9" hits="1" branch="false"/>
								<line number="10" hits="1" branch="false"/>
								<line number="11" hits="1" branch="false"/>
								<line number="12" hits="1" branch="false"/>
								<line number="13" hits="1" branch="false"/>
								<line number="16" hits="1" branch="false"/>
								<line number="17" hits="1" branch="false"/>
								<line number="18" hits="1" branch="false"/>
								<line number="19" hits="1" branch="false"/>
								<line number="20" hits="1" branch="false"/>
								<line number="21" hits="1" branch="false"/>
								<line number="25" hits="1" branch="false"/>
							</lines>
						</method>
						<method name="valueOf" signature="(Ljava/lang/String;)Lcom/intuit/common/exception/ErrorCode;" line-rate="1.0" branch-rate="1.0" complexity="0">
							<lines>
							</lines>
						</method>
						<method name="values" signature="()[Lcom/intuit/common/exception/ErrorCode;" line-rate="1.0" branch-rate="1.0" complexity="0">
							<lines>
							</lines>
						</method>
					</methods>
					<lines>
						<line number="6" hits="2" branch="false"/>
						<line number="9" hits="1" branch="false"/>
						<line number="10" hits="1" branch="false"/>
						<line number="11" hits="1" branch="false"/>
						<line number="12" hits="1" branch="false"/>
						<line number="13" hits="1" branch="false"/>
						<line number="16" hits="1" branch="false"/>
						<line number="17" hits="1" branch="false"/>
						<line number="18" hits="1" branch="false"/>
						<line number="19" hits="1" branch="false"/>
						<line number="20" hits="1" branch="false"/>
						<line number="21" hits="1" branch="false"/>
						<line number="25" hits="1" branch="false"/>
					</lines>
				</class>
				<class name="com.intuit.common.exception.StudentServicesControllerAdvice" filename="com/intuit/common/exception/StudentServicesControllerAdvice.java" line-rate="0.7272727272727273" branch-rate="1.0" complexity="5.0">
					<methods>
						<method name="&lt;clinit&gt;" signature="()V" line-rate="1.0" branch-rate="1.0" complexity="0">
							<lines>
								<line number="38" hits="1" branch="false"/>
							</lines>
						</method>
						<method name="handleRuntimeException" signature="(Ljava/lang/RuntimeException;)Lorg/springframework/http/ResponseEntity;" line-rate="1.0" branch-rate="1.0" complexity="0">
							<lines>
								<line number="42" hits="1" branch="false"/>
								<line number="43" hits="1" branch="false"/>
							</lines>
						</method>
						<method name="handleStudentServicesException" signature="(Lcom/intuit/common/exception/StudentServicesException;Ljavax/servlet/http/HttpServletRequest;)Lorg/springframework/http/ResponseEntity;" line-rate="1.0" branch-rate="1.0" complexity="0">
							<lines>
								<line number="58" hits="2" branch="true" condition-coverage="100% (2/2)">
									<conditions>
										<condition number="0" type="switch" coverage="100%"/>
									</conditions>
								</line>
								<line number="67" hits="1" branch="false"/>
								<line number="68" hits="1" branch="false"/>
								<line number="74" hits="1" branch="false"/>
								<line number="75" hits="1" branch="false"/>
							</lines>
						</method>
						<method name="handleValidationException" signature="(Lorg/springframework/web/bind/MethodArgumentNotValidException;)Lorg/springframework/http/ResponseEntity;" line-rate="0.0" branch-rate="1.0" complexity="0">
							<lines>
								<line number="49" hits="0" branch="false"/>
								<line number="50" hits="0" branch="false"/>
								<line number="51" hits="0" branch="false"/>
							</lines>
						</method>
					</methods>
					<lines>
						<line number="38" hits="1" branch="false"/>
						<line number="42" hits="1" branch="false"/>
						<line number="43" hits="1" branch="false"/>
						<line number="49" hits="0" branch="false"/>
						<line number="50" hits="0" branch="false"/>
						<line number="51" hits="0" branch="false"/>
						<line number="58" hits="2" branch="true" condition-coverage="100% (2/2)">
							<conditions>
								<condition number="0" type="switch" coverage="100%"/>
							</conditions>
						</line>
						<line number="67" hits="1" branch="false"/>
						<line number="68" hits="1" branch="false"/>
						<line number="74" hits="1" branch="false"/>
						<line number="75" hits="1" branch="false"/>
					</lines>
				</class>
				<class name="com.intuit.common.exception.StudentServicesControllerAdvice$1" filename="com/intuit/common/exception/StudentServicesControllerAdvice.java" line-rate="1.0" branch-rate="1.0" complexity="5.0">
					<methods>
						<method name="&lt;clinit&gt;" signature="()V" line-rate="1.0" branch-rate="1.0" complexity="0">
							<lines>
								<line number="58" hits="1" branch="false"/>
							</lines>
						</method>
					</methods>
					<lines>
						<line number="58" hits="1" branch="false"/>
					</lines>
				</class>
				<class name="com.intuit.common.exception.StudentServicesErrorInfo" filename="com/intuit/common/exception/StudentServicesErrorInfo.java" line-rate="1.0" branch-rate="1.0" complexity="1.0">
					<methods>
						<method name="&lt;init&gt;" signature="(Lcom/intuit/common/exception/ErrorCode;)V" line-rate="1.0" branch-rate="1.0" complexity="0">
							<lines>
								<line number="23" hits="3" branch="false"/>
								<line number="24" hits="3" branch="false"/>
							</lines>
						</method>
						<method name="&lt;init&gt;" signature="(Lcom/intuit/common/exception/ErrorCode;Ljava/util/List;)V" line-rate="1.0" branch-rate="1.0" complexity="0">
							<lines>
								<line number="15" hits="3" branch="false"/>
								<line number="16" hits="3" branch="false"/>
								<line number="17" hits="3" branch="false"/>
								<line number="18" hits="3" branch="false"/>
								<line number="19" hits="3" branch="false"/>
							</lines>
						</method>
					</methods>
					<lines>
						<line number="15" hits="3" branch="false"/>
						<line number="16" hits="3" branch="false"/>
						<line number="17" hits="3" branch="false"/>
						<line number="18" hits="3" branch="false"/>
						<line number="19" hits="3" branch="false"/>
						<line number="23" hits="3" branch="false"/>
						<line number="24" hits="3" branch="false"/>
					</lines>
				</class>
				<class name="com.intuit.common.exception.StudentServicesException" filename="com/intuit/common/exception/StudentServicesException.java" line-rate="1.0" branch-rate="1.0" complexity="1.0">
					<methods>
					</methods>
					<lines>
					</lines>
				</class>
			</classes>
		</package>
		<package name="com.intuit.core" line-rate="1.0" branch-rate="1.0" complexity="1.0">
			<classes>
				<class name="com.intuit.core.IStudentRepository" filename="com/intuit/core/IStudentRepository.java" line-rate="1.0" branch-rate="1.0" complexity="1.0">
					<methods>
					</methods>
					<lines>
					</lines>
				</class>
				<class name="com.intuit.core.IStudentService" filename="com/intuit/core/IStudentService.java" line-rate="1.0" branch-rate="1.0" complexity="1.0">
					<methods>
					</methods>
					<lines>
					</lines>
				</class>
			</classes>
		</package>
		<package name="com.intuit.core.repository" line-rate="0.7613636363636364" branch-rate="0.8333333333333334" complexity="2.5384615384615383">
			<classes>
				<class name="com.intuit.core.repository.StudentRepository" filename="com/intuit/core/repository/StudentRepository.java" line-rate="0.7613636363636364" branch-rate="0.8333333333333334" complexity="2.5384615384615383">
					<methods>
						<method name="&lt;init&gt;" signature="()V" line-rate="1.0" branch-rate="1.0" complexity="0">
							<lines>
								<line number="30" hits="3" branch="false"/>
								<line number="104" hits="3" branch="false"/>
							</lines>
						</method>
						<method name="addStudent" signature="(Lcom/intuit/rest/domain/Student;)V" line-rate="0.9333333333333333" branch-rate="0.5" complexity="0">
							<lines>
								<line number="108" hits="4" branch="false"/>
								<line number="109" hits="4" branch="false"/>
								<line number="110" hits="4" branch="false"/>
								<line number="112" hits="8" branch="false"/>
								<line number="113" hits="4" branch="false"/>
								<line number="114" hits="4" branch="false"/>
								<line number="115" hits="4" branch="false"/>
								<line number="116" hits="4" branch="false"/>
								<line number="118" hits="1" branch="false"/>
								<line number="119" hits="1" branch="true" condition-coverage="50% (1/2)">
									<conditions>
										<condition number="0" type="jump" coverage="50%"/>
									</conditions>
								</line>
								<line number="120" hits="1" branch="false"/>
								<line number="122" hits="0" branch="false"/>
								<line number="123" hits="3" branch="false"/>
								<line number="124" hits="3" branch="false"/>
								<line number="125" hits="3" branch="false"/>
							</lines>
						</method>
						<method name="afterPropertiesSet" signature="()V" line-rate="1.0" branch-rate="1.0" complexity="0">
							<lines>
								<line number="196" hits="6" branch="false"/>
								<line number="197" hits="6" branch="false"/>
								<line number="198" hits="6" branch="false"/>
								<line number="199" hits="6" branch="false"/>
								<line number="200" hits="6" branch="false"/>
							</lines>
						</method>
						<method name="bindParameters" signature="(Lcom/almworks/sqlite4java/SQLiteStatement;[Ljava/lang/String;)Lcom/almworks/sqlite4java/SQLiteStatement;" line-rate="0.6666666666666666" branch-rate="1.0" complexity="0">
							<lines>
								<line number="222" hits="4" branch="false"/>
								<line number="224" hits="48" branch="true" condition-coverage="100% (2/2)">
									<conditions>
										<condition number="0" type="jump" coverage="100%"/>
									</conditions>
								</line>
								<line number="225" hits="44" branch="false"/>
								<line number="227" hits="4" branch="false"/>
								<line number="228" hits="0" branch="false"/>
								<line number="229" hits="0" branch="false"/>
							</lines>
						</method>
						<method name="closeDatabaseConnection" signature="()V" line-rate="1.0" branch-rate="1.0" complexity="0">
							<lines>
								<line number="214" hits="12" branch="false"/>
								<line number="215" hits="12" branch="false"/>
							</lines>
						</method>
						<method name="combineCourses" signature="(Ljava/util/Map;)Ljava/lang/String;" line-rate="1.0" branch-rate="1.0" complexity="0">
							<lines>
								<line number="218" hits="4" branch="false"/>
							</lines>
						</method>
						<method name="getStudent" signature="(Ljava/lang/String;)Lcom/intuit/rest/domain/Student;" line-rate="0.9166666666666666" branch-rate="1.0" complexity="0">
							<lines>
								<line number="129" hits="2" branch="false"/>
								<line number="131" hits="2" branch="false"/>
								<line number="132" hits="2" branch="false"/>
								<line number="133" hits="3" branch="true" condition-coverage="100% (2/2)">
									<conditions>
										<condition number="0" type="jump" coverage="100%"/>
									</conditions>
								</line>
								<line number="134" hits="1" branch="false"/>
								<line number="135" hits="1" branch="false"/>
								<line number="136" hits="1" branch="false"/>
								<line number="138" hits="1" branch="false"/>
								<line number="139" hits="1" branch="false"/>
								<line number="140" hits="1" branch="false"/>
								<line number="141" hits="1" branch="false"/>
								<line number="142" hits="1" branch="false"/>
								<line number="143" hits="1" branch="false"/>
								<line number="144" hits="1" branch="false"/>
								<line number="145" hits="1" branch="false"/>
								<line number="146" hits="1" branch="false"/>
								<line number="147" hits="1" branch="false"/>
								<line number="148" hits="1" branch="false"/>
								<line number="149" hits="1" branch="false"/>
								<line number="150" hits="0" branch="false"/>
								<line number="151" hits="0" branch="false"/>
								<line number="152" hits="2" branch="false"/>
								<line number="153" hits="2" branch="false"/>
								<line number="154" hits="2" branch="true" condition-coverage="100% (2/2)">
									<conditions>
										<condition number="0" type="jump" coverage="100%"/>
									</conditions>
								</line>
							</lines>
						</method>
						<method name="openDatabaseConnection" signature="()V" line-rate="0.6666666666666666" branch-rate="1.0" complexity="0">
							<lines>
								<line number="204" hits="13" branch="false"/>
								<line number="205" hits="13" branch="false"/>
								<line number="206" hits="0" branch="false"/>
								<line number="208" hits="0" branch="false"/>
								<line number="209" hits="13" branch="false"/>
								<line number="210" hits="13" branch="false"/>
							</lines>
						</method>
						<method name="removeStudent" signature="(Ljava/lang/String;)V" line-rate="0.75" branch-rate="1.0" complexity="0">
							<lines>
								<line number="160" hits="1" branch="false"/>
								<line number="161" hits="1" branch="false"/>
								<line number="162" hits="1" branch="false"/>
								<line number="164" hits="0" branch="false"/>
								<line number="165" hits="0" branch="false"/>
								<line number="166" hits="1" branch="false"/>
								<line number="167" hits="1" branch="false"/>
								<line number="169" hits="1" branch="false"/>
							</lines>
						</method>
						<method name="splitCourses" signature="(Ljava/lang/String;)Ljava/util/Map;" line-rate="1.0" branch-rate="0.75" complexity="0">
							<lines>
								<line number="234" hits="1" branch="false"/>
								<line number="235" hits="1" branch="true" condition-coverage="50% (1/2)">
									<conditions>
										<condition number="0" type="jump" coverage="50%"/>
									</conditions>
								</line>
								<line number="236" hits="1" branch="false"/>
								<line number="238" hits="1" branch="false"/>
								<line number="239" hits="2" branch="true" condition-coverage="100% (2/2)">
									<conditions>
										<condition number="0" type="jump" coverage="100%"/>
									</conditions>
								</line>
								<line number="240" hits="1" branch="false"/>
								<line number="242" hits="1" branch="false"/>
							</lines>
						</method>
						<method name="updateStudent" signature="(Ljava/lang/String;Lcom/intuit/rest/domain/Student;)V" line-rate="0.0" branch-rate="1.0" complexity="0">
							<lines>
								<line number="174" hits="0" branch="false"/>
								<line number="175" hits="0" branch="false"/>
								<line number="176" hits="0" branch="false"/>
								<line number="177" hits="0" branch="false"/>
								<line number="178" hits="0" branch="false"/>
								<line number="179" hits="0" branch="false"/>
								<line number="180" hits="0" branch="false"/>
								<line number="181" hits="0" branch="false"/>
								<line number="182" hits="0" branch="false"/>
								<line number="184" hits="0" branch="false"/>
								<line number="185" hits="0" branch="false"/>
								<line number="187" hits="0" branch="false"/>
							</lines>
						</method>
					</methods>
					<lines>
						<line number="30" hits="3" branch="false"/>
						<line number="104" hits="3" branch="false"/>
						<line number="108" hits="4" branch="false"/>
						<line number="109" hits="4" branch="false"/>
						<line number="110" hits="4" branch="false"/>
						<line number="112" hits="8" branch="false"/>
						<line number="113" hits="4" branch="false"/>
						<line number="114" hits="4" branch="false"/>
						<line number="115" hits="4" branch="false"/>
						<line number="116" hits="4" branch="false"/>
						<line number="118" hits="1" branch="false"/>
						<line number="119" hits="1" branch="true" condition-coverage="50% (1/2)">
							<conditions>
								<condition number="0" type="jump" coverage="50%"/>
							</conditions>
						</line>
						<line number="120" hits="1" branch="false"/>
						<line number="122" hits="0" branch="false"/>
						<line number="123" hits="3" branch="false"/>
						<line number="124" hits="3" branch="false"/>
						<line number="125" hits="3" branch="false"/>
						<line number="129" hits="2" branch="false"/>
						<line number="131" hits="2" branch="false"/>
						<line number="132" hits="2" branch="false"/>
						<line number="133" hits="3" branch="true" condition-coverage="100% (2/2)">
							<conditions>
								<condition number="0" type="jump" coverage="100%"/>
							</conditions>
						</line>
						<line number="134" hits="1" branch="false"/>
						<line number="135" hits="1" branch="false"/>
						<line number="136" hits="1" branch="false"/>
						<line number="138" hits="1" branch="false"/>
						<line number="139" hits="1" branch="false"/>
						<line number="140" hits="1" branch="false"/>
						<line number="141" hits="1" branch="false"/>
						<line number="142" hits="1" branch="false"/>
						<line number="143" hits="1" branch="false"/>
						<line number="144" hits="1" branch="false"/>
						<line number="145" hits="1" branch="false"/>
						<line number="146" hits="1" branch="false"/>
						<line number="147" hits="1" branch="false"/>
						<line number="148" hits="1" branch="false"/>
						<line number="149" hits="1" branch="false"/>
						<line number="150" hits="0" branch="false"/>
						<line number="151" hits="0" branch="false"/>
						<line number="152" hits="2" branch="false"/>
						<line number="153" hits="2" branch="false"/>
						<line number="154" hits="2" branch="true" condition-coverage="100% (2/2)">
							<conditions>
								<condition number="0" type="jump" coverage="100%"/>
							</conditions>
						</line>
						<line number="160" hits="1" branch="false"/>
						<line number="161" hits="1" branch="false"/>
						<line number="162" hits="1" branch="false"/>
						<line number="164" hits="0" branch="false"/>
						<line number="165" hits="0" branch="false"/>
						<line number="166" hits="1" branch="false"/>
						<line number="167" hits="1" branch="false"/>
						<line number="169" hits="1" branch="false"/>
						<line number="174" hits="0" branch="false"/>
						<line number="175" hits="0" branch="false"/>
						<line number="176" hits="0" branch="false"/>
						<line number="177" hits="0" branch="false"/>
						<line number="178" hits="0" branch="false"/>
						<line number="179" hits="0" branch="false"/>
						<line number="180" hits="0" branch="false"/>
						<line number="181" hits="0" branch="false"/>
						<line number="182" hits="0" branch="false"/>
						<line number="184" hits="0" branch="false"/>
						<line number="185" hits="0" branch="false"/>
						<line number="187" hits="0" branch="false"/>
						<line number="196" hits="6" branch="false"/>
						<line number="197" hits="6" branch="false"/>
						<line number="198" hits="6" branch="false"/>
						<line number="199" hits="6" branch="false"/>
						<line number="200" hits="6" branch="false"/>
						<line number="204" hits="13" branch="false"/>
						<line number="205" hits="13" branch="false"/>
						<line number="206" hits="0" branch="false"/>
						<line number="208" hits="0" branch="false"/>
						<line number="209" hits="13" branch="false"/>
						<line number="210" hits="13" branch="false"/>
						<line number="214" hits="12" branch="false"/>
						<line number="215" hits="12" branch="false"/>
						<line number="218" hits="4" branch="false"/>
						<line number="222" hits="4" branch="false"/>
						<line number="224" hits="48" branch="true" condition-coverage="100% (2/2)">
							<conditions>
								<condition number="0" type="jump" coverage="100%"/>
							</conditions>
						</line>
						<line number="225" hits="44" branch="false"/>
						<line number="227" hits="4" branch="false"/>
						<line number="228" hits="0" branch="false"/>
						<line number="229" hits="0" branch="false"/>
						<line number="234" hits="1" branch="false"/>
						<line number="235" hits="1" branch="true" condition-coverage="50% (1/2)">
							<conditions>
								<condition number="0" type="jump" coverage="50%"/>
							</conditions>
						</line>
						<line number="236" hits="1" branch="false"/>
						<line number="238" hits="1" branch="false"/>
						<line number="239" hits="2" branch="true" condition-coverage="100% (2/2)">
							<conditions>
								<condition number="0" type="jump" coverage="100%"/>
							</conditions>
						</line>
						<line number="240" hits="1" branch="false"/>
						<line number="242" hits="1" branch="false"/>
					</lines>
				</class>
			</classes>
		</package>
		<package name="com.intuit.core.service" line-rate="1.0" branch-rate="0.9166666666666666" complexity="2.8">
			<classes>
				<class name="com.intuit.core.service.StudentService" filename="com/intuit/core/service/StudentService.java" line-rate="1.0" branch-rate="0.9166666666666666" complexity="2.8">
					<methods>
						<method name="addStudent" signature="(Lcom/intuit/rest/domain/Student;)V" line-rate="1.0" branch-rate="1.0" complexity="0">
							<lines>
								<line number="27" hits="5" branch="false"/>
								<line number="28" hits="5" branch="false"/>
								<line number="29" hits="2" branch="false"/>
								<line number="30" hits="2" branch="false"/>
							</lines>
						</method>
						<method name="getStudent" signature="(Ljava/lang/String;)Lcom/intuit/rest/domain/Student;" line-rate="1.0" branch-rate="1.0" complexity="0">
							<lines>
								<line number="34" hits="1" branch="false"/>
								<line number="35" hits="1" branch="false"/>
							</lines>
						</method>
						<method name="removeStudent" signature="(Ljava/lang/String;)V" line-rate="1.0" branch-rate="1.0" complexity="0">
							<lines>
								<line number="40" hits="1" branch="false"/>
								<line number="41" hits="1" branch="false"/>
								<line number="43" hits="1" branch="false"/>
							</lines>
						</method>
						<method name="updateStudent" signature="(Ljava/lang/String;Lcom/intuit/rest/domain/Student;)V" line-rate="1.0" branch-rate="1.0" complexity="0">
							<lines>
								<line number="47" hits="3" branch="false"/>
								<line number="48" hits="3" branch="false"/>
								<line number="49" hits="3" branch="false"/>
								<line number="50" hits="2" branch="false"/>
								<line number="51" hits="2" branch="false"/>
							</lines>
						</method>
						<method name="verifyStudent" signature="(Lcom/intuit/rest/domain/Student;)V" line-rate="1.0" branch-rate="0.9166666666666666" complexity="0">
							<lines>
								<line number="55" hits="8" branch="true" condition-coverage="100% (4/4)">
									<conditions>
										<condition number="0" type="jump" coverage="100%"/>
										<condition number="1" type="jump" coverage="100%"/>
									</conditions>
								</line>
								<line number="56" hits="2" branch="true" condition-coverage="50% (1/2)">
									<conditions>
										<condition number="0" type="jump" coverage="50%"/>
									</conditions>
								</line>
								<line number="57" hits="2" branch="false"/>
								<line number="58" hits="6" branch="true" condition-coverage="100% (4/4)">
									<conditions>
										<condition number="0" type="jump" coverage="100%"/>
										<condition number="1" type="jump" coverage="100%"/>
									</conditions>
								</line>
								<line number="59" hits="1" branch="false"/>
								<line number="63" hits="5" branch="true" condition-coverage="100% (2/2)">
									<conditions>
										<condition number="0" type="jump" coverage="100%"/>
									</conditions>
								</line>
								<line number="64" hits="1" branch="false"/>
								<line number="68" hits="4" branch="false"/>
							</lines>
						</method>
					</methods>
					<lines>
						<line number="27" hits="5" branch="false"/>
						<line number="28" hits="5" branch="false"/>
						<line number="29" hits="2" branch="false"/>
						<line number="30" hits="2" branch="false"/>
						<line number="34" hits="1" branch="false"/>
						<line number="35" hits="1" branch="false"/>
						<line number="40" hits="1" branch="false"/>
						<line number="41" hits="1" branch="false"/>
						<line number="43" hits="1" branch="false"/>
						<line number="47" hits="3" branch="false"/>
						<line number="48" hits="3" branch="false"/>
						<line number="49" hits="3" branch="false"/>
						<line number="50" hits="2" branch="false"/>
						<line number="51" hits="2" branch="false"/>
						<line number="55" hits="8" branch="true" condition-coverage="100% (4/4)">
							<conditions>
								<condition number="0" type="jump" coverage="100%"/>
								<condition number="1" type="jump" coverage="100%"/>
							</conditions>
						</line>
						<line number="56" hits="2" branch="true" condition-coverage="50% (1/2)">
							<conditions>
								<condition number="0" type="jump" coverage="50%"/>
							</conditions>
						</line>
						<line number="57" hits="2" branch="false"/>
						<line number="58" hits="6" branch="true" condition-coverage="100% (4/4)">
							<conditions>
								<condition number="0" type="jump" coverage="100%"/>
								<condition number="1" type="jump" coverage="100%"/>
							</conditions>
						</line>
						<line number="59" hits="1" branch="false"/>
						<line number="63" hits="5" branch="true" condition-coverage="100% (2/2)">
							<conditions>
								<condition number="0" type="jump" coverage="100%"/>
							</conditions>
						</line>
						<line number="64" hits="1" branch="false"/>
						<line number="68" hits="4" branch="false"/>
					</lines>
				</class>
			</classes>
		</package>
		<package name="com.intuit.rest.controller" line-rate="1.0" branch-rate="1.0" complexity="1.5">
			<classes>
				<class name="com.intuit.rest.controller.StudentController" filename="com/intuit/rest/controller/StudentController.java" line-rate="1.0" branch-rate="1.0" complexity="1.5">
					<methods>
						<method name="&lt;clinit&gt;" signature="()V" line-rate="1.0" branch-rate="1.0" complexity="0">
							<lines>
								<line number="25" hits="1" branch="false"/>
							</lines>
						</method>
						<method name="addStudent" signature="(Lcom/intuit/rest/domain/Student;)Lorg/springframework/http/ResponseEntity;" line-rate="1.0" branch-rate="1.0" complexity="0">
							<lines>
								<line number="48" hits="1" branch="false"/>
								<line number="49" hits="1" branch="false"/>
								<line number="50" hits="1" branch="false"/>
								<line number="51" hits="1" branch="false"/>
								<line number="53" hits="1" branch="false"/>
							</lines>
						</method>
						<method name="deleteStudent" signature="(Ljava/lang/String;)Lorg/springframework/http/ResponseEntity;" line-rate="1.0" branch-rate="1.0" complexity="0">
							<lines>
								<line number="42" hits="1" branch="false"/>
								<line number="43" hits="1" branch="false"/>
							</lines>
						</method>
						<method name="getStudent" signature="(Ljava/lang/String;)Lorg/springframework/http/ResponseEntity;" line-rate="1.0" branch-rate="1.0" complexity="0">
							<lines>
								<line number="32" hits="2" branch="false"/>
								<line number="33" hits="2" branch="false"/>
								<line number="34" hits="2" branch="true" condition-coverage="100% (2/2)">
									<conditions>
										<condition number="0" type="jump" coverage="100%"/>
									</conditions>
								</line>
								<line number="35" hits="1" branch="false"/>
								<line number="37" hits="1" branch="false"/>
							</lines>
						</method>
						<method name="updateStudent" signature="(Ljava/lang/String;Lcom/intuit/rest/domain/Student;)Lorg/springframework/http/ResponseEntity;" line-rate="1.0" branch-rate="1.0" complexity="0">
							<lines>
								<line number="58" hits="1" branch="false"/>
								<line number="59" hits="1" branch="false"/>
							</lines>
						</method>
					</methods>
					<lines>
						<line number="25" hits="1" branch="false"/>
						<line number="32" hits="2" branch="false"/>
						<line number="33" hits="2" branch="false"/>
						<line number="34" hits="2" branch="true" condition-coverage="100% (2/2)">
							<conditions>
								<condition number="0" type="jump" coverage="100%"/>
							</conditions>
						</line>
						<line number="35" hits="1" branch="false"/>
						<line number="37" hits="1" branch="false"/>
						<line number="42" hits="1" branch="false"/>
						<line number="43" hits="1" branch="false"/>
						<line number="48" hits="1" branch="false"/>
						<line number="49" hits="1" branch="false"/>
						<line number="50" hits="1" branch="false"/>
						<line number="51" hits="1" branch="false"/>
						<line number="53" hits="1" branch="false"/>
						<line number="58" hits="1" branch="false"/>
						<line number="59" hits="1" branch="false"/>
					</lines>
				</class>
			</classes>
		</package>
		<package name="com.intuit.rest.domain" line-rate="0.5813953488372093" branch-rate="0.3020833333333333" complexity="2.857142857142857">
			<classes>
				<class name="com.intuit.rest.domain.Student" filename="com/intuit/rest/domain/Student.java" line-rate="0.5813953488372093" branch-rate="0.3020833333333333" complexity="2.857142857142857">
					<methods>
						<method name="coursesMatch" signature="(Ljava/util/Map;Ljava/util/Map;)Z" line-rate="0.7142857142857143" branch-rate="0.6666666666666666" complexity="0">
							<lines>
								<line number="151" hits="1" branch="true" condition-coverage="50% (1/2)">
									<conditions>
										<condition number="0" type="jump" coverage="50%"/>
									</conditions>
								</line>
								<line number="152" hits="1" branch="true" condition-coverage="100% (2/2)">
									<conditions>
										<condition number="0" type="jump" coverage="100%"/>
									</conditions>
								</line>
								<line number="153" hits="1" branch="true" condition-coverage="50% (1/2)">
									<conditions>
										<condition number="0" type="jump" coverage="50%"/>
									</conditions>
								</line>
								<line number="154" hits="0" branch="false"/>
								<line number="156" hits="1" branch="false"/>
								<line number="157" hits="1" branch="false"/>
								<line number="159" hits="0" branch="false"/>
							</lines>
						</method>
						<method name="equals" signature="(Ljava/lang/Object;)Z" line-rate="0.875" branch-rate="0.36764705882352944" complexity="0">
							<lines>
								<line number="164" hits="1" branch="true" condition-coverage="50% (1/2)">
									<conditions>
										<condition number="0" type="jump" coverage="50%"/>
									</conditions>
								</line>
								<line number="165" hits="1" branch="true" condition-coverage="50% (2/4)">
									<conditions>
										<condition number="0" type="jump" coverage="50%"/>
										<condition number="1" type="jump" coverage="50%"/>
									</conditions>
								</line>
								<line number="167" hits="1" branch="false"/>
								<line number="169" hits="1" branch="true" condition-coverage="33% (2/6)">
									<conditions>
										<condition number="0" type="jump" coverage="50%"/>
										<condition number="1" type="jump" coverage="50%"/>
										<condition number="2" type="jump" coverage="0%"/>
									</conditions>
								</line>
								<line number="170" hits="1" branch="true" condition-coverage="33% (2/6)">
									<conditions>
										<condition number="0" type="jump" coverage="50%"/>
										<condition number="1" type="jump" coverage="50%"/>
										<condition number="2" type="jump" coverage="0%"/>
									</conditions>
								</line>
								<line number="171" hits="1" branch="true" condition-coverage="50% (2/4)">
									<conditions>
										<condition number="0" type="jump" coverage="50%"/>
										<condition number="1" type="jump" coverage="50%"/>
									</conditions>
								</line>
								<line number="172" hits="1" branch="true" condition-coverage="33% (2/6)">
									<conditions>
										<condition number="0" type="jump" coverage="50%"/>
										<condition number="1" type="jump" coverage="0%"/>
										<condition number="2" type="jump" coverage="50%"/>
									</conditions>
								</line>
								<line number="173" hits="1" branch="true" condition-coverage="33% (2/6)">
									<conditions>
										<condition number="0" type="jump" coverage="50%"/>
										<condition number="1" type="jump" coverage="50%"/>
										<condition number="2" type="jump" coverage="0%"/>
									</conditions>
								</line>
								<line number="174" hits="1" branch="true" condition-coverage="33% (2/6)">
									<conditions>
										<condition number="0" type="jump" coverage="50%"/>
										<condition number="1" type="jump" coverage="50%"/>
										<condition number="2" type="jump" coverage="0%"/>
									</conditions>
								</line>
								<line number="175" hits="0" branch="false"/>
								<line number="176" hits="1" branch="true" condition-coverage="33% (2/6)">
									<conditions>
										<condition number="0" type="jump" coverage="50%"/>
										<condition number="1" type="jump" coverage="0%"/>
										<condition number="2" type="jump" coverage="50%"/>
									</conditions>
								</line>
								<line number="177" hits="0" branch="false"/>
								<line number="178" hits="1" branch="true" condition-coverage="33% (2/6)">
									<conditions>
										<condition number="0" type="jump" coverage="50%"/>
										<condition number="1" type="jump" coverage="0%"/>
										<condition number="2" type="jump" coverage="50%"/>
									</conditions>
								</line>
								<line number="179" hits="1" branch="true" condition-coverage="33% (2/6)">
									<conditions>
										<condition number="0" type="jump" coverage="50%"/>
										<condition number="1" type="jump" coverage="0%"/>
										<condition number="2" type="jump" coverage="50%"/>
									</conditions>
								</line>
								<line number="180" hits="1" branch="true" condition-coverage="33% (2/6)">
									<conditions>
										<condition number="0" type="jump" coverage="50%"/>
										<condition number="1" type="jump" coverage="0%"/>
										<condition number="2" type="jump" coverage="50%"/>
									</conditions>
								</line>
								<line number="181" hits="1" branch="true" condition-coverage="50% (2/4)">
									<conditions>
										<condition number="0" type="jump" coverage="50%"/>
										<condition number="1" type="jump" coverage="50%"/>
									</conditions>
								</line>
							</lines>
						</method>
						<method name="getNumber" signature="()Ljava/lang/String;" line-rate="1.0" branch-rate="1.0" complexity="0">
							<lines>
								<line number="119" hits="1" branch="false"/>
							</lines>
						</method>
						<method name="hashCode" signature="()I" line-rate="0.0" branch-rate="0.0" complexity="0">
							<lines>
								<line number="187" hits="0" branch="true" condition-coverage="0% (0/2)">
									<conditions>
										<condition number="0" type="jump" coverage="0%"/>
									</conditions>
								</line>
								<line number="188" hits="0" branch="true" condition-coverage="0% (0/2)">
									<conditions>
										<condition number="0" type="jump" coverage="0%"/>
									</conditions>
								</line>
								<line number="189" hits="0" branch="false"/>
								<line number="190" hits="0" branch="true" condition-coverage="0% (0/2)">
									<conditions>
										<condition number="0" type="jump" coverage="0%"/>
									</conditions>
								</line>
								<line number="191" hits="0" branch="true" condition-coverage="0% (0/2)">
									<conditions>
										<condition number="0" type="jump" coverage="0%"/>
									</conditions>
								</line>
								<line number="192" hits="0" branch="true" condition-coverage="0% (0/2)">
									<conditions>
										<condition number="0" type="jump" coverage="0%"/>
									</conditions>
								</line>
								<line number="193" hits="0" branch="true" condition-coverage="0% (0/2)">
									<conditions>
										<condition number="0" type="jump" coverage="0%"/>
									</conditions>
								</line>
								<line number="194" hits="0" branch="true" condition-coverage="0% (0/2)">
									<conditions>
										<condition number="0" type="jump" coverage="0%"/>
									</conditions>
								</line>
								<line number="195" hits="0" branch="true" condition-coverage="0% (0/2)">
									<conditions>
										<condition number="0" type="jump" coverage="0%"/>
									</conditions>
								</line>
								<line number="196" hits="0" branch="true" condition-coverage="0% (0/2)">
									<conditions>
										<condition number="0" type="jump" coverage="0%"/>
									</conditions>
								</line>
								<line number="197" hits="0" branch="true" condition-coverage="0% (0/2)">
									<conditions>
										<condition number="0" type="jump" coverage="0%"/>
									</conditions>
								</line>
								<line number="198" hits="0" branch="true" condition-coverage="0% (0/2)">
									<conditions>
										<condition number="0" type="jump" coverage="0%"/>
									</conditions>
								</line>
								<line number="199" hits="0" branch="false"/>
							</lines>
						</method>
						<method name="setDob" signature="(Ljava/util/Date;)V" line-rate="1.0" branch-rate="1.0" complexity="0">
							<lines>
								<line number="88" hits="4" branch="false"/>
								<line number="89" hits="4" branch="false"/>
								<line number="90" hits="4" branch="false"/>
								<line number="91" hits="4" branch="false"/>
								<line number="92" hits="4" branch="false"/>
							</lines>
						</method>
						<method name="toString" signature="()Ljava/lang/String;" line-rate="0.0" branch-rate="1.0" complexity="0">
							<lines>
								<line number="204" hits="0" branch="false"/>
							</lines>
						</method>
					</methods>
					<lines>
						<line number="88" hits="4" branch="false"/>
						<line number="89" hits="4" branch="false"/>
						<line number="90" hits="4" branch="false"/>
						<line number="91" hits="4" branch="false"/>
						<line number="92" hits="4" branch="false"/>
						<line number="119" hits="1" branch="false"/>
						<line number="151" hits="1" branch="true" condition-coverage="50% (1/2)">
							<conditions>
								<condition number="0" type="jump" coverage="50%"/>
							</conditions>
						</line>
						<line number="152" hits="1" branch="true" condition-coverage="100% (2/2)">
							<conditions>
								<condition number="0" type="jump" coverage="100%"/>
							</conditions>
						</line>
						<line number="153" hits="1" branch="true" condition-coverage="50% (1/2)">
							<conditions>
								<condition number="0" type="jump" coverage="50%"/>
							</conditions>
						</line>
						<line number="154" hits="0" branch="false"/>
						<line number="156" hits="1" branch="false"/>
						<line number="157" hits="1" branch="false"/>
						<line number="159" hits="0" branch="false"/>
						<line number="164" hits="1" branch="true" condition-coverage="50% (1/2)">
							<conditions>
								<condition number="0" type="jump" coverage="50%"/>
							</conditions>
						</line>
						<line number="165" hits="1" branch="true" condition-coverage="50% (2/4)">
							<conditions>
								<condition number="0" type="jump" coverage="50%"/>
								<condition number="1" type="jump" coverage="50%"/>
							</conditions>
						</line>
						<line number="167" hits="1" branch="false"/>
						<line number="169" hits="1" branch="true" condition-coverage="33% (2/6)">
							<conditions>
								<condition number="0" type="jump" coverage="50%"/>
								<condition number="1" type="jump" coverage="50%"/>
								<condition number="2" type="jump" coverage="0%"/>
							</conditions>
						</line>
						<line number="170" hits="1" branch="true" condition-coverage="33% (2/6)">
							<conditions>
								<condition number="0" type="jump" coverage="50%"/>
								<condition number="1" type="jump" coverage="50%"/>
								<condition number="2" type="jump" coverage="0%"/>
							</conditions>
						</line>
						<line number="171" hits="1" branch="true" condition-coverage="50% (2/4)">
							<conditions>
								<condition number="0" type="jump" coverage="50%"/>
								<condition number="1" type="jump" coverage="50%"/>
							</conditions>
						</line>
						<line number="172" hits="1" branch="true" condition-coverage="33% (2/6)">
							<conditions>
								<condition number="0" type="jump" coverage="50%"/>
								<condition number="1" type="jump" coverage="0%"/>
								<condition number="2" type="jump" coverage="50%"/>
							</conditions>
						</line>
						<line number="173" hits="1" branch="true" condition-coverage="33% (2/6)">
							<conditions>
								<condition number="0" type="jump" coverage="50%"/>
								<condition number="1" type="jump" coverage="50%"/>
								<condition number="2" type="jump" coverage="0%"/>
							</conditions>
						</line>
						<line number="174" hits="1" branch="true" condition-coverage="33% (2/6)">
							<conditions>
								<condition number="0" type="jump" coverage="50%"/>
								<condition number="1" type="jump" coverage="50%"/>
								<condition number="2" type="jump" coverage="0%"/>
							</conditions>
						</line>
						<line number="175" hits="0" branch="false"/>
						<line number="176" hits="1" branch="true" condition-coverage="33% (2/6)">
							<conditions>
								<condition number="0" type="jump" coverage="50%"/>
								<condition number="1" type="jump" coverage="0%"/>
								<condition number="2" type="jump" coverage="50%"/>
							</conditions>
						</line>
						<line number="177" hits="0" branch="false"/>
						<line number="178" hits="1" branch="true" condition-coverage="33% (2/6)">
							<conditions>
								<condition number="0" type="jump" coverage="50%"/>
								<condition number="1" type="jump" coverage="0%"/>
								<condition number="2" type="jump" coverage="50%"/>
							</conditions>
						</line>
						<line number="179" hits="1" branch="true" condition-coverage="33% (2/6)">
							<conditions>
								<condition number="0" type="jump" coverage="50%"/>
								<condition number="1" type="jump" coverage="0%"/>
								<condition number="2" type="jump" coverage="50%"/>
							</conditions>
						</line>
						<line number="180" hits="1" branch="true" condition-coverage="33% (2/6)">
							<conditions>
								<condition number="0" type="jump" coverage="50%"/>
								<condition number="1" type="jump" coverage="0%"/>
								<condition number="2" type="jump" coverage="50%"/>
							</conditions>
						</line>
						<line number="181" hits="1" branch="true" condition-coverage="50% (2/4)">
							<conditions>
								<condition number="0" type="jump" coverage="50%"/>
								<condition number="1" type="jump" coverage="50%"/>
							</conditions>
						</line>
						<line number="187" hits="0" branch="true" condition-coverage="0% (0/2)">
							<conditions>
								<condition number="0" type="jump" coverage="0%"/>
							</conditions>
						</line>
						<line number="188" hits="0" branch="true" condition-coverage="0% (0/2)">
							<conditions>
								<condition number="0" type="jump" coverage="0%"/>
							</conditions>
						</line>
						<line number="189" hits="0" branch="false"/>
						<line number="190" hits="0" branch="true" condition-coverage="0% (0/2)">
							<conditions>
								<condition number="0" type="jump" coverage="0%"/>
							</conditions>
						</line>
						<line number="191" hits="0" branch="true" condition-coverage="0% (0/2)">
							<conditions>
								<condition number="0" type="jump" coverage="0%"/>
							</conditions>
						</line>
						<line number="192" hits="0" branch="true" condition-coverage="0% (0/2)">
							<conditions>
								<condition number="0" type="jump" coverage="0%"/>
							</conditions>
						</line>
						<line number="193" hits="0" branch="true" condition-coverage="0% (0/2)">
							<conditions>
								<condition number="0" type="jump" coverage="0%"/>
							</conditions>
						</line>
						<line number="194" hits="0" branch="true" condition-coverage="0% (0/2)">
							<conditions>
								<condition number="0" type="jump" coverage="0%"/>
							</conditions>
						</line>
						<line number="195" hits="0" branch="true" condition-coverage="0% (0/2)">
							<conditions>
								<condition number="0" type="jump" coverage="0%"/>
							</conditions>
						</line>
						<line number="196" hits="0" branch="true" condition-coverage="0% (0/2)">
							<conditions>
								<condition number="0" type="jump" coverage="0%"/>
							</conditions>
						</line>
						<line number="197" hits="0" branch="true" condition-coverage="0% (0/2)">
							<conditions>
								<condition number="0" type="jump" coverage="0%"/>
							</conditions>
						</line>
						<line number="198" hits="0" branch="true" condition-coverage="0% (0/2)">
							<conditions>
								<condition number="0" type="jump" coverage="0%"/>
							</conditions>
						</line>
						<line number="199" hits="0" branch="false"/>
						<line number="204" hits="0" branch="false"/>
					</lines>
				</class>
			</classes>
		</package>
	</packages>
</coverage>
